TN:
SF:script/0_DeployPredicateRouterSepolia.s.sol
DA:27,0
FN:27,DeployPredicateRouterSepolia.run
FNDA:0,DeployPredicateRouterSepolia.run
DA:28,0
DA:30,0
BRDA:30,0,0,-
DA:31,0
DA:34,0
DA:35,0
DA:37,0
DA:38,0
DA:39,0
DA:40,0
DA:42,0
DA:43,0
DA:44,0
DA:46,0
DA:49,0
FN:49,DeployPredicateRouterSepolia._loadConfig
FNDA:0,DeployPredicateRouterSepolia._loadConfig
DA:50,0
BRDA:50,1,0,-
DA:51,0
DA:53,0
BRDA:53,2,0,-
DA:54,0
DA:56,0
BRDA:56,3,0,-
DA:57,0
FNF:2
FNH:0
LF:21
LH:0
BRF:4
BRH:0
end_of_record
TN:
SF:src/PredicateRouter.sol
DA:46,14
FN:46,PredicateRouter.constructor
FNDA:14,PredicateRouter.constructor
DA:47,14
DA:48,14
BRDA:48,0,0,14
DA:49,14
DA:55,0
FN:55,PredicateRouter.setPredicateManager
FNDA:0,PredicateRouter.setPredicateManager
DA:56,0
DA:61,0
FN:61,PredicateRouter.setPolicy
FNDA:0,PredicateRouter.setPolicy
DA:62,0
DA:72,5
FN:72,PredicateRouter.deposit
FNDA:5,PredicateRouter.deposit
DA:79,5
BRDA:79,1,0,-
BRDA:79,1,1,5
DA:81,5
DA:82,5
DA:84,5
DA:86,2
DA:87,2
DA:88,2
DA:90,2
DA:91,2
DA:101,1
FN:101,PredicateRouter.mint
FNDA:1,PredicateRouter.mint
DA:108,1
BRDA:108,2,0,-
BRDA:108,2,1,1
DA:110,1
DA:111,1
DA:113,1
DA:115,1
DA:116,1
DA:117,1
DA:118,1
DA:120,1
DA:121,1
DA:132,6
FN:132,PredicateRouter._authorize
FNDA:6,PredicateRouter._authorize
DA:139,6
DA:140,6
BRDA:140,3,0,1
DA:141,1
DA:144,5
BRDA:144,4,0,-
DA:145,0
DA:148,3
DA:150,3
DA:151,3
DA:152,3
BRDA:152,5,0,-
DA:154,3
DA:155,3
BRDA:155,6,0,-
DA:157,3
DA:161,3
FN:161,PredicateRouter._selector
FNDA:3,PredicateRouter._selector
DA:162,3
BRDA:162,7,0,3
DA:164,3
DA:170,3
FN:170,PredicateRouter._collectAssets
FNDA:3,PredicateRouter._collectAssets
DA:171,3
DA:172,3
DA:176,3
FN:176,PredicateRouter._approveMax
FNDA:3,PredicateRouter._approveMax
DA:177,3
BRDA:177,9,0,3
DA:178,3
FNF:9
FNH:7
LF:51
LH:46
BRF:11
BRH:6
end_of_record
